<html>
<head>
<title>TestNG:  Test</title>
<link href="../testng.css" rel="stylesheet" type="text/css" />
<link href="../my-testng.css" rel="stylesheet" type="text/css" />

<style type="text/css">
.log { display: none;} 
.stack-trace { display: none;} 
</style>
<script type="text/javascript">
<!--
function flip(e) {
  current = e.style.display;
  if (current == 'block') {
    e.style.display = 'none';
    return 0;
  }
  else {
    e.style.display = 'block';
    return 1;
  }
}

function toggleBox(szDivId, elem, msg1, msg2)
{
  var res = -1;  if (document.getElementById) {
    res = flip(document.getElementById(szDivId));
  }
  else if (document.all) {
    // this is the way old msie versions work
    res = flip(document.all[szDivId]);
  }
  if(elem) {
    if(res == 0) elem.innerHTML = msg1; else elem.innerHTML = msg2;
  }

}

function toggleAllBoxes() {
  if (document.getElementsByTagName) {
    d = document.getElementsByTagName('div');
    for (i = 0; i < d.length; i++) {
      if (d[i].className == 'log') {
        flip(d[i]);
      }
    }
  }
}

// -->
</script>

</head>
<body>
<h2 align='center'>Test</h2><table border='1' align="center">
<tr>
<td>Tests passed/Failed/Skipped:</td><td>29/1/4</td>
</tr><tr>
<td>Started on:</td><td>Tue Apr 30 15:58:20 IST 2024</td>
</tr>
<tr><td>Total time:</td><td>171 seconds (171973 ms)</td>
</tr><tr>
<td>Included groups:</td><td></td>
</tr><tr>
<td>Excluded groups:</td><td></td>
</tr>
</table><p/>
<small><i>(Hover the method name to see the test class name)</i></small><p/>
<table width='100%' border='1' class='invocation-failed'>
<tr><td colspan='4' align='center'><b>FAILED TESTS</b></td></tr>
<tr><td><b>Test method</b></td>
<td><b>Attribute(s)</b></td>
<td width="30%"><b>Exception</b></td>
<td width="10%"><b>Time (seconds)</b></td>
<td><b>Instance</b></td>
</tr>
<tr>
<td title='testSctrips.DependsOnMethod.register()'><b>register</b><br>Test class: testSctrips.DependsOnMethod</td>
<td><div><pre>org.openqa.selenium.InvalidArgumentException: invalid argument
  (Session info: chrome=124.0.6367.63)
Build info: version: &apos;4.13.0&apos;, revision: &apos;ba948ece5b*&apos;
System info: os.name: &apos;Windows 11&apos;, os.arch: &apos;amd64&apos;, os.version: &apos;10.0&apos;, java.version: &apos;17.0.6&apos;
Driver info: org.openqa.selenium.chrome.ChromeDriver
Command: [44053abf955d6c282476d1636addf069, get {url=hghfh}]
Capabilities {acceptInsecureCerts: false, browserName: chrome, browserVersion: 124.0.6367.63, chrome: {chromedriverVersion: 124.0.6367.91 (51df0e5e17a8..., userDataDir: C:\WINDOWS\SystemTemp\scope...}, fedcm:accounts: true, goog:chromeOptions: {debuggerAddress: localhost:51953}, networkConnectionEnabled: false, pageLoadStrategy: normal, platformName: windows, proxy: Proxy(), se:cdp: ws://localhost:51953/devtoo..., se:cdpVersion: 124.0.6367.63, setWindowRect: true, strictFileInteractability: false, timeouts: {implicit: 0, pageLoad: 300000, script: 30000}, unhandledPromptBehavior: dismiss and notify, webauthn:extension:credBlob: true, webauthn:extension:largeBlob: true, webauthn:extension:minPinLength: true, webauthn:extension:prf: true, webauthn:virtualAuthenticators: true}
Session ID: 44053abf955d6c282476d1636addf069
	at org.openqa.selenium.remote.codec.w3c.W3CHttpResponseCodec.createException(W3CHttpResponseCodec.java:200)
	at org.openqa.selenium.remote.codec.w3c.W3CHttpResponseCodec.decode(W3CHttpResponseCodec.java:133)
	at org.openqa.selenium.remote.codec.w3c.W3CHttpResponseCodec.decode(W3CHttpResponseCodec.java:52)
	at org.openqa.selenium.remote.HttpCommandExecutor.execute(HttpCommandExecutor.java:191)
	at org.openqa.selenium.remote.service.DriverCommandExecutor.invokeExecute(DriverCommandExecutor.java:196)
	at org.openqa.selenium.remote.service.DriverCommandExecutor.execute(DriverCommandExecutor.java:171)
	at org.openqa.selenium.remote.RemoteWebDriver.execute(RemoteWebDriver.java:602)
	at org.openqa.selenium.remote.RemoteWebDriver.get(RemoteWebDriver.java:304)
	at testSctrips.DependsOnMethod.register(DependsOnMethod.java:13)
	at java.base/java.util.concurrent.ThreadPoolExecutor.runWorker(ThreadPoolExecutor.java:1136)
	at java.base/java.util.concurrent.ThreadPoolExecutor$Worker.run(ThreadPoolExecutor.java:635)
	at java.base/java.lang.Thread.run(Thread.java:833)
... Removed 17 stack frames</pre></div><a href='#' onClick='toggleBox("stack-trace1651205374", this, "Click to show all stack frames", "Click to hide stack frames")'>Click to show all stack frames</a>
<div class='stack-trace' id='stack-trace1651205374'><pre>org.openqa.selenium.InvalidArgumentException: invalid argument
  (Session info: chrome=124.0.6367.63)
Build info: version: &apos;4.13.0&apos;, revision: &apos;ba948ece5b*&apos;
System info: os.name: &apos;Windows 11&apos;, os.arch: &apos;amd64&apos;, os.version: &apos;10.0&apos;, java.version: &apos;17.0.6&apos;
Driver info: org.openqa.selenium.chrome.ChromeDriver
Command: [44053abf955d6c282476d1636addf069, get {url=hghfh}]
Capabilities {acceptInsecureCerts: false, browserName: chrome, browserVersion: 124.0.6367.63, chrome: {chromedriverVersion: 124.0.6367.91 (51df0e5e17a8..., userDataDir: C:\WINDOWS\SystemTemp\scope...}, fedcm:accounts: true, goog:chromeOptions: {debuggerAddress: localhost:51953}, networkConnectionEnabled: false, pageLoadStrategy: normal, platformName: windows, proxy: Proxy(), se:cdp: ws://localhost:51953/devtoo..., se:cdpVersion: 124.0.6367.63, setWindowRect: true, strictFileInteractability: false, timeouts: {implicit: 0, pageLoad: 300000, script: 30000}, unhandledPromptBehavior: dismiss and notify, webauthn:extension:credBlob: true, webauthn:extension:largeBlob: true, webauthn:extension:minPinLength: true, webauthn:extension:prf: true, webauthn:virtualAuthenticators: true}
Session ID: 44053abf955d6c282476d1636addf069
	at java.base/jdk.internal.reflect.NativeConstructorAccessorImpl.newInstance0(Native Method)
	at java.base/jdk.internal.reflect.NativeConstructorAccessorImpl.newInstance(NativeConstructorAccessorImpl.java:77)
	at java.base/jdk.internal.reflect.DelegatingConstructorAccessorImpl.newInstance(DelegatingConstructorAccessorImpl.java:45)
	at java.base/java.lang.reflect.Constructor.newInstanceWithCaller(Constructor.java:499)
	at java.base/java.lang.reflect.Constructor.newInstance(Constructor.java:480)
	at org.openqa.selenium.remote.codec.w3c.W3CHttpResponseCodec.createException(W3CHttpResponseCodec.java:200)
	at org.openqa.selenium.remote.codec.w3c.W3CHttpResponseCodec.decode(W3CHttpResponseCodec.java:133)
	at org.openqa.selenium.remote.codec.w3c.W3CHttpResponseCodec.decode(W3CHttpResponseCodec.java:52)
	at org.openqa.selenium.remote.HttpCommandExecutor.execute(HttpCommandExecutor.java:191)
	at org.openqa.selenium.remote.service.DriverCommandExecutor.invokeExecute(DriverCommandExecutor.java:196)
	at org.openqa.selenium.remote.service.DriverCommandExecutor.execute(DriverCommandExecutor.java:171)
	at org.openqa.selenium.remote.RemoteWebDriver.execute(RemoteWebDriver.java:602)
	at org.openqa.selenium.remote.RemoteWebDriver.get(RemoteWebDriver.java:304)
	at testSctrips.DependsOnMethod.register(DependsOnMethod.java:13)
	at java.base/jdk.internal.reflect.NativeMethodAccessorImpl.invoke0(Native Method)
	at java.base/jdk.internal.reflect.NativeMethodAccessorImpl.invoke(NativeMethodAccessorImpl.java:77)
	at java.base/jdk.internal.reflect.DelegatingMethodAccessorImpl.invoke(DelegatingMethodAccessorImpl.java:43)
	at java.base/java.lang.reflect.Method.invoke(Method.java:568)
	at org.testng.internal.invokers.MethodInvocationHelper.invokeMethod(MethodInvocationHelper.java:139)
	at org.testng.internal.invokers.TestInvoker.invokeMethod(TestInvoker.java:664)
	at org.testng.internal.invokers.TestInvoker.invokeTestMethod(TestInvoker.java:227)
	at org.testng.internal.invokers.MethodRunner.runInSequence(MethodRunner.java:50)
	at org.testng.internal.invokers.TestInvoker$MethodInvocationAgent.invoke(TestInvoker.java:957)
	at org.testng.internal.invokers.TestInvoker.invokeTestMethods(TestInvoker.java:200)
	at org.testng.internal.invokers.TestMethodWorker.invokeTestMethods(TestMethodWorker.java:148)
	at org.testng.internal.invokers.TestMethodWorker.run(TestMethodWorker.java:128)
	at java.base/java.util.concurrent.ThreadPoolExecutor.runWorker(ThreadPoolExecutor.java:1136)
	at java.base/java.util.concurrent.ThreadPoolExecutor$Worker.run(ThreadPoolExecutor.java:635)
	at java.base/java.lang.Thread.run(Thread.java:833)
</pre></div></td>
<td>8</td>
<td>testSctrips.DependsOnMethod@d86a6f</td></tr>
</table><p>
<table width='100%' border='1' class='invocation-passed'>
<tr><td colspan='4' align='center'><b>PASSED TESTS</b></td></tr>
<tr><td><b>Test method</b></td>
<td><b>Attribute(s)</b></td>
<td width="30%"><b>Exception</b></td>
<td width="10%"><b>Time (seconds)</b></td>
<td><b>Instance</b></td>
</tr>
<tr>
<td title='testSctrips.InvocationCountAndThreadPoolSize.register()'><b>register</b><br>Test class: testSctrips.InvocationCountAndThreadPoolSize</td>
<td></td>
<td>12</td>
<td>testSctrips.InvocationCountAndThreadPoolSize@229c6181</td></tr>
<tr>
<td title='testSctrips.InvocationCountAndThreadPoolSize.register()'><b>register</b><br>Test class: testSctrips.InvocationCountAndThreadPoolSize</td>
<td></td>
<td>12</td>
<td>testSctrips.InvocationCountAndThreadPoolSize@229c6181</td></tr>
<tr>
<td title='testSctrips.InvocationCountAndThreadPoolSize.confirmOrder()'><b>confirmOrder</b><br>Test class: testSctrips.InvocationCountAndThreadPoolSize</td>
<td></td>
<td>50</td>
<td>testSctrips.InvocationCountAndThreadPoolSize@229c6181</td></tr>
<tr>
<td title='testSctrips.RegisterTest.registerTest_001()'><b>registerTest_001</b><br>Test class: testSctrips.RegisterTest</td>
<td></td>
<td>79</td>
<td>testSctrips.RegisterTest@2892d68</td></tr>
<tr>
<td title='testSctrips.BooksTest.books_001()'><b>books_001</b><br>Test class: testSctrips.BooksTest</td>
<td></td>
<td>119</td>
<td>testSctrips.BooksTest@71ba6d4e</td></tr>
<tr>
<td title='testSctrips.InvocationCountAndThreadPoolSize.payment()'><b>payment</b><br>Test class: testSctrips.InvocationCountAndThreadPoolSize</td>
<td></td>
<td>57</td>
<td>testSctrips.InvocationCountAndThreadPoolSize@229c6181</td></tr>
<tr>
<td title='testSctrips.EnableTest.register()'><b>register</b><br>Test class: testSctrips.EnableTest</td>
<td></td>
<td>13</td>
<td>testSctrips.EnableTest@738dc9b</td></tr>
<tr>
<td title='testSctrips.InvocationCountAndThreadPoolSize.confirmOrder()'><b>confirmOrder</b><br>Test class: testSctrips.InvocationCountAndThreadPoolSize</td>
<td></td>
<td>17</td>
<td>testSctrips.InvocationCountAndThreadPoolSize@229c6181</td></tr>
<tr>
<td title='testSctrips.InvocationCountAndThreadPoolSize.login()'><b>login</b><br>Test class: testSctrips.InvocationCountAndThreadPoolSize</td>
<td></td>
<td>56</td>
<td>testSctrips.InvocationCountAndThreadPoolSize@229c6181</td></tr>
<tr>
<td title='testSctrips.InvocationCountAndThreadPoolSize.register()'><b>register</b><br>Test class: testSctrips.InvocationCountAndThreadPoolSize</td>
<td></td>
<td>12</td>
<td>testSctrips.InvocationCountAndThreadPoolSize@229c6181</td></tr>
<tr>
<td title='testSctrips.EnableTest.register()'><b>register</b><br>Test class: testSctrips.EnableTest</td>
<td></td>
<td>19</td>
<td>testSctrips.EnableTest@738dc9b</td></tr>
<tr>
<td title='testSctrips.PriorityTest.addToCart()'><b>addToCart</b><br>Test class: testSctrips.PriorityTest</td>
<td></td>
<td>10</td>
<td>testSctrips.PriorityTest@3c77d488</td></tr>
<tr>
<td title='testSctrips.InvocationCountAndThreadPoolSize.login()'><b>login</b><br>Test class: testSctrips.InvocationCountAndThreadPoolSize</td>
<td></td>
<td>57</td>
<td>testSctrips.InvocationCountAndThreadPoolSize@229c6181</td></tr>
<tr>
<td title='testSctrips.PriorityTest.confirmOrder()'><b>confirmOrder</b><br>Test class: testSctrips.PriorityTest</td>
<td></td>
<td>8</td>
<td>testSctrips.PriorityTest@3c77d488</td></tr>
<tr>
<td title='testSctrips.InvocationCountAndThreadPoolSize.register()'><b>register</b><br>Test class: testSctrips.InvocationCountAndThreadPoolSize</td>
<td></td>
<td>9</td>
<td>testSctrips.InvocationCountAndThreadPoolSize@229c6181</td></tr>
<tr>
<td title='testSctrips.InvocationCountAndThreadPoolSize.login()'><b>login</b><br>Test class: testSctrips.InvocationCountAndThreadPoolSize</td>
<td></td>
<td>57</td>
<td>testSctrips.InvocationCountAndThreadPoolSize@229c6181</td></tr>
<tr>
<td title='testSctrips.EnableTest.register()'><b>register</b><br>Test class: testSctrips.EnableTest</td>
<td></td>
<td>13</td>
<td>testSctrips.EnableTest@738dc9b</td></tr>
<tr>
<td title='testSctrips.RegisterTest.regiaterTest_002()'><b>regiaterTest_002</b><br>Test class: testSctrips.RegisterTest</td>
<td></td>
<td>139</td>
<td>testSctrips.RegisterTest@2892d68</td></tr>
<tr>
<td title='testSctrips.InvocationCountAndThreadPoolSize.confirmOrder()'><b>confirmOrder</b><br>Test class: testSctrips.InvocationCountAndThreadPoolSize</td>
<td></td>
<td>9</td>
<td>testSctrips.InvocationCountAndThreadPoolSize@229c6181</td></tr>
<tr>
<td title='testSctrips.InvocationCountAndThreadPoolSize.register()'><b>register</b><br>Test class: testSctrips.InvocationCountAndThreadPoolSize</td>
<td></td>
<td>12</td>
<td>testSctrips.InvocationCountAndThreadPoolSize@229c6181</td></tr>
<tr>
<td title='testSctrips.InvocationCountAndThreadPoolSize.confirmOrder()'><b>confirmOrder</b><br>Test class: testSctrips.InvocationCountAndThreadPoolSize</td>
<td></td>
<td>22</td>
<td>testSctrips.InvocationCountAndThreadPoolSize@229c6181</td></tr>
<tr>
<td title='testSctrips.InvocationCountAndThreadPoolSize.login()'><b>login</b><br>Test class: testSctrips.InvocationCountAndThreadPoolSize</td>
<td></td>
<td>50</td>
<td>testSctrips.InvocationCountAndThreadPoolSize@229c6181</td></tr>
<tr>
<td title='testSctrips.PriorityTest.login()'><b>login</b><br>Test class: testSctrips.PriorityTest</td>
<td></td>
<td>20</td>
<td>testSctrips.PriorityTest@3c77d488</td></tr>
<tr>
<td title='testSctrips.InvocationCountAndThreadPoolSize.login()'><b>login</b><br>Test class: testSctrips.InvocationCountAndThreadPoolSize</td>
<td></td>
<td>57</td>
<td>testSctrips.InvocationCountAndThreadPoolSize@229c6181</td></tr>
<tr>
<td title='testSctrips.PriorityTest.register()'><b>register</b><br>Test class: testSctrips.PriorityTest</td>
<td></td>
<td>21</td>
<td>testSctrips.PriorityTest@3c77d488</td></tr>
<tr>
<td title='testSctrips.InvocationCountAndThreadPoolSize.confirmOrder()'><b>confirmOrder</b><br>Test class: testSctrips.InvocationCountAndThreadPoolSize</td>
<td></td>
<td>9</td>
<td>testSctrips.InvocationCountAndThreadPoolSize@229c6181</td></tr>
<tr>
<td title='testSctrips.PriorityTest.payment()'><b>payment</b><br>Test class: testSctrips.PriorityTest</td>
<td></td>
<td>9</td>
<td>testSctrips.PriorityTest@3c77d488</td></tr>
<tr>
<td title='testSctrips.EnableTest.register()'><b>register</b><br>Test class: testSctrips.EnableTest</td>
<td></td>
<td>18</td>
<td>testSctrips.EnableTest@738dc9b</td></tr>
<tr>
<td title='testSctrips.EnableTest.register()'><b>register</b><br>Test class: testSctrips.EnableTest</td>
<td></td>
<td>11</td>
<td>testSctrips.EnableTest@738dc9b</td></tr>
</table><p>
<table width='100%' border='1' class='invocation-skipped'>
<tr><td colspan='4' align='center'><b>SKIPPED TESTS</b></td></tr>
<tr><td><b>Test method</b></td>
<td><b>Attribute(s)</b></td>
<td width="30%"><b>Exception</b></td>
<td width="10%"><b>Time (seconds)</b></td>
<td><b>Instance</b></td>
</tr>
<tr>
<td title='testSctrips.DependsOnMethod.payment()'><b>payment</b><br>Test class: testSctrips.DependsOnMethod</td>
<td><div><pre>java.lang.Throwable: Method testSctrips.DependsOnMethod.payment() on instance testSctrips.DependsOnMethod@d86a6f depends on not successfully finished methods 
[testSctrips.DependsOnMethod.addToCart() on instance testSctrips.DependsOnMethod@d86a6f]
	at java.base/java.util.concurrent.ThreadPoolExecutor.runWorker(ThreadPoolExecutor.java:1136)
	at java.base/java.util.concurrent.ThreadPoolExecutor$Worker.run(ThreadPoolExecutor.java:635)
	at java.base/java.lang.Thread.run(Thread.java:833)
... Removed 3 stack frames</pre></div><a href='#' onClick='toggleBox("stack-trace1018029967", this, "Click to show all stack frames", "Click to hide stack frames")'>Click to show all stack frames</a>
<div class='stack-trace' id='stack-trace1018029967'><pre>java.lang.Throwable: Method testSctrips.DependsOnMethod.payment() on instance testSctrips.DependsOnMethod@d86a6f depends on not successfully finished methods 
[testSctrips.DependsOnMethod.addToCart() on instance testSctrips.DependsOnMethod@d86a6f]
	at org.testng.internal.invokers.TestInvoker.invokeTestMethods(TestInvoker.java:156)
	at org.testng.internal.invokers.TestMethodWorker.invokeTestMethods(TestMethodWorker.java:148)
	at org.testng.internal.invokers.TestMethodWorker.run(TestMethodWorker.java:128)
	at java.base/java.util.concurrent.ThreadPoolExecutor.runWorker(ThreadPoolExecutor.java:1136)
	at java.base/java.util.concurrent.ThreadPoolExecutor$Worker.run(ThreadPoolExecutor.java:635)
	at java.base/java.lang.Thread.run(Thread.java:833)
</pre></div></td>
<td>0</td>
<td>testSctrips.DependsOnMethod@d86a6f</td></tr>
<tr>
<td title='testSctrips.DependsOnMethod.addToCart()'><b>addToCart</b><br>Test class: testSctrips.DependsOnMethod</td>
<td><div><pre>java.lang.Throwable: Method testSctrips.DependsOnMethod.addToCart() on instance testSctrips.DependsOnMethod@d86a6f depends on not successfully finished methods 
[testSctrips.DependsOnMethod.login() on instance testSctrips.DependsOnMethod@d86a6f]
	at java.base/java.util.concurrent.ThreadPoolExecutor.runWorker(ThreadPoolExecutor.java:1136)
	at java.base/java.util.concurrent.ThreadPoolExecutor$Worker.run(ThreadPoolExecutor.java:635)
	at java.base/java.lang.Thread.run(Thread.java:833)
... Removed 3 stack frames</pre></div><a href='#' onClick='toggleBox("stack-trace406806652", this, "Click to show all stack frames", "Click to hide stack frames")'>Click to show all stack frames</a>
<div class='stack-trace' id='stack-trace406806652'><pre>java.lang.Throwable: Method testSctrips.DependsOnMethod.addToCart() on instance testSctrips.DependsOnMethod@d86a6f depends on not successfully finished methods 
[testSctrips.DependsOnMethod.login() on instance testSctrips.DependsOnMethod@d86a6f]
	at org.testng.internal.invokers.TestInvoker.invokeTestMethods(TestInvoker.java:156)
	at org.testng.internal.invokers.TestMethodWorker.invokeTestMethods(TestMethodWorker.java:148)
	at org.testng.internal.invokers.TestMethodWorker.run(TestMethodWorker.java:128)
	at java.base/java.util.concurrent.ThreadPoolExecutor.runWorker(ThreadPoolExecutor.java:1136)
	at java.base/java.util.concurrent.ThreadPoolExecutor$Worker.run(ThreadPoolExecutor.java:635)
	at java.base/java.lang.Thread.run(Thread.java:833)
</pre></div></td>
<td>0</td>
<td>testSctrips.DependsOnMethod@d86a6f</td></tr>
<tr>
<td title='testSctrips.DependsOnMethod.login()'><b>login</b><br>Test class: testSctrips.DependsOnMethod</td>
<td><div><pre>java.lang.Throwable: Method testSctrips.DependsOnMethod.login() on instance testSctrips.DependsOnMethod@d86a6f depends on not successfully finished methods 
[testSctrips.DependsOnMethod.register() on instance testSctrips.DependsOnMethod@d86a6f]
	at java.base/java.util.concurrent.ThreadPoolExecutor.runWorker(ThreadPoolExecutor.java:1136)
	at java.base/java.util.concurrent.ThreadPoolExecutor$Worker.run(ThreadPoolExecutor.java:635)
	at java.base/java.lang.Thread.run(Thread.java:833)
... Removed 3 stack frames</pre></div><a href='#' onClick='toggleBox("stack-trace1126777479", this, "Click to show all stack frames", "Click to hide stack frames")'>Click to show all stack frames</a>
<div class='stack-trace' id='stack-trace1126777479'><pre>java.lang.Throwable: Method testSctrips.DependsOnMethod.login() on instance testSctrips.DependsOnMethod@d86a6f depends on not successfully finished methods 
[testSctrips.DependsOnMethod.register() on instance testSctrips.DependsOnMethod@d86a6f]
	at org.testng.internal.invokers.TestInvoker.invokeTestMethods(TestInvoker.java:156)
	at org.testng.internal.invokers.TestMethodWorker.invokeTestMethods(TestMethodWorker.java:148)
	at org.testng.internal.invokers.TestMethodWorker.run(TestMethodWorker.java:128)
	at java.base/java.util.concurrent.ThreadPoolExecutor.runWorker(ThreadPoolExecutor.java:1136)
	at java.base/java.util.concurrent.ThreadPoolExecutor$Worker.run(ThreadPoolExecutor.java:635)
	at java.base/java.lang.Thread.run(Thread.java:833)
</pre></div></td>
<td>0</td>
<td>testSctrips.DependsOnMethod@d86a6f</td></tr>
<tr>
<td title='testSctrips.DependsOnMethod.confirmOrder()'><b>confirmOrder</b><br>Test class: testSctrips.DependsOnMethod</td>
<td><div><pre>java.lang.Throwable: Method testSctrips.DependsOnMethod.confirmOrder() on instance testSctrips.DependsOnMethod@d86a6f depends on not successfully finished methods 
[testSctrips.DependsOnMethod.payment() on instance testSctrips.DependsOnMethod@d86a6f]
	at java.base/java.util.concurrent.ThreadPoolExecutor.runWorker(ThreadPoolExecutor.java:1136)
	at java.base/java.util.concurrent.ThreadPoolExecutor$Worker.run(ThreadPoolExecutor.java:635)
	at java.base/java.lang.Thread.run(Thread.java:833)
... Removed 3 stack frames</pre></div><a href='#' onClick='toggleBox("stack-trace962959963", this, "Click to show all stack frames", "Click to hide stack frames")'>Click to show all stack frames</a>
<div class='stack-trace' id='stack-trace962959963'><pre>java.lang.Throwable: Method testSctrips.DependsOnMethod.confirmOrder() on instance testSctrips.DependsOnMethod@d86a6f depends on not successfully finished methods 
[testSctrips.DependsOnMethod.payment() on instance testSctrips.DependsOnMethod@d86a6f]
	at org.testng.internal.invokers.TestInvoker.invokeTestMethods(TestInvoker.java:156)
	at org.testng.internal.invokers.TestMethodWorker.invokeTestMethods(TestMethodWorker.java:148)
	at org.testng.internal.invokers.TestMethodWorker.run(TestMethodWorker.java:128)
	at java.base/java.util.concurrent.ThreadPoolExecutor.runWorker(ThreadPoolExecutor.java:1136)
	at java.base/java.util.concurrent.ThreadPoolExecutor$Worker.run(ThreadPoolExecutor.java:635)
	at java.base/java.lang.Thread.run(Thread.java:833)
</pre></div></td>
<td>0</td>
<td>testSctrips.DependsOnMethod@d86a6f</td></tr>
</table><p>
</body>
</html>