<?xml version="1.0" encoding="UTF-8"?>
<!-- Generated by org.testng.reporters.JUnitXMLReporter -->
<testsuite ignored="1" hostname="DESKTOP-146H9DT" failures="1" tests="34" name="Test" time="171.973" errors="0" timestamp="2024-04-30T16:01:12 IST">
  <testcase classname="testSctrips.InvocationCountAndThreadPoolSize" name="login" time="50.498"/>
  <testcase classname="testSctrips.InvocationCountAndThreadPoolSize" name="confirmOrder" time="50.616"/>
  <testcase classname="testSctrips.InvocationCountAndThreadPoolSize" name="login" time="56.823"/>
  <testcase classname="testSctrips.InvocationCountAndThreadPoolSize" name="payment" time="57.195"/>
  <testcase classname="testSctrips.InvocationCountAndThreadPoolSize" name="login" time="57.257"/>
  <testcase classname="testSctrips.InvocationCountAndThreadPoolSize" name="login" time="57.5"/>
  <testcase classname="testSctrips.InvocationCountAndThreadPoolSize" name="login" time="57.506"/>
  <testcase classname="testSctrips.InvocationCountAndThreadPoolSize" name="confirmOrder" time="9.071"/>
  <testcase classname="testSctrips.InvocationCountAndThreadPoolSize" name="register" time="12.19"/>
  <testcase classname="testSctrips.InvocationCountAndThreadPoolSize" name="register" time="12.189"/>
  <testcase classname="testSctrips.PriorityTest" name="register" time="21.0"/>
  <testcase classname="testSctrips.InvocationCountAndThreadPoolSize" name="register" time="12.907"/>
  <testcase classname="testSctrips.InvocationCountAndThreadPoolSize" name="register" time="12.889"/>
  <testcase classname="testSctrips.InvocationCountAndThreadPoolSize" name="confirmOrder" time="22.695"/>
  <testcase classname="testSctrips.DependsOnMethod" name="register" time="8.159">
    <failure type="org.openqa.selenium.InvalidArgumentException" message="invalid argument
  (Session info: chrome=124.0.6367.63)
Build info: version: &amp;apos;4.13.0&amp;apos;, revision: &amp;apos;ba948ece5b*&amp;apos;
System info: os.name: &amp;apos;Windows 11&amp;apos;, os.arch: &amp;apos;amd64&amp;apos;, os.version: &amp;apos;10.0&amp;apos;, java.version: &amp;apos;17.0.6&amp;apos;
Driver info: org.openqa.selenium.chrome.ChromeDriver
Command: [44053abf955d6c282476d1636addf069, get {url=hghfh}]
Capabilities {acceptInsecureCerts: false, browserName: chrome, browserVersion: 124.0.6367.63, chrome: {chromedriverVersion: 124.0.6367.91 (51df0e5e17a8..., userDataDir: C:\WINDOWS\SystemTemp\scope...}, fedcm:accounts: true, goog:chromeOptions: {debuggerAddress: localhost:51953}, networkConnectionEnabled: false, pageLoadStrategy: normal, platformName: windows, proxy: Proxy(), se:cdp: ws://localhost:51953/devtoo..., se:cdpVersion: 124.0.6367.63, setWindowRect: true, strictFileInteractability: false, timeouts: {implicit: 0, pageLoad: 300000, script: 30000}, unhandledPromptBehavior: dismiss and notify, webauthn:extension:credBlob: true, webauthn:extension:largeBlob: true, webauthn:extension:minPinLength: true, webauthn:extension:prf: true, webauthn:virtualAuthenticators: true}
Session ID: 44053abf955d6c282476d1636addf069">
      <![CDATA[org.openqa.selenium.InvalidArgumentException: invalid argument
  (Session info: chrome=124.0.6367.63)
Build info: version: '4.13.0', revision: 'ba948ece5b*'
System info: os.name: 'Windows 11', os.arch: 'amd64', os.version: '10.0', java.version: '17.0.6'
Driver info: org.openqa.selenium.chrome.ChromeDriver
Command: [44053abf955d6c282476d1636addf069, get {url=hghfh}]
Capabilities {acceptInsecureCerts: false, browserName: chrome, browserVersion: 124.0.6367.63, chrome: {chromedriverVersion: 124.0.6367.91 (51df0e5e17a8..., userDataDir: C:\WINDOWS\SystemTemp\scope...}, fedcm:accounts: true, goog:chromeOptions: {debuggerAddress: localhost:51953}, networkConnectionEnabled: false, pageLoadStrategy: normal, platformName: windows, proxy: Proxy(), se:cdp: ws://localhost:51953/devtoo..., se:cdpVersion: 124.0.6367.63, setWindowRect: true, strictFileInteractability: false, timeouts: {implicit: 0, pageLoad: 300000, script: 30000}, unhandledPromptBehavior: dismiss and notify, webauthn:extension:credBlob: true, webauthn:extension:largeBlob: true, webauthn:extension:minPinLength: true, webauthn:extension:prf: true, webauthn:virtualAuthenticators: true}
Session ID: 44053abf955d6c282476d1636addf069
at org.openqa.selenium.remote.codec.w3c.W3CHttpResponseCodec.createException(W3CHttpResponseCodec.java:200)
at org.openqa.selenium.remote.codec.w3c.W3CHttpResponseCodec.decode(W3CHttpResponseCodec.java:133)
at org.openqa.selenium.remote.codec.w3c.W3CHttpResponseCodec.decode(W3CHttpResponseCodec.java:52)
at org.openqa.selenium.remote.HttpCommandExecutor.execute(HttpCommandExecutor.java:191)
at org.openqa.selenium.remote.service.DriverCommandExecutor.invokeExecute(DriverCommandExecutor.java:196)
at org.openqa.selenium.remote.service.DriverCommandExecutor.execute(DriverCommandExecutor.java:171)
at org.openqa.selenium.remote.RemoteWebDriver.execute(RemoteWebDriver.java:602)
at org.openqa.selenium.remote.RemoteWebDriver.get(RemoteWebDriver.java:304)
at testSctrips.DependsOnMethod.register(DependsOnMethod.java:13)
at java.base/java.util.concurrent.ThreadPoolExecutor.runWorker(ThreadPoolExecutor.java:1136)
at java.base/java.util.concurrent.ThreadPoolExecutor$Worker.run(ThreadPoolExecutor.java:635)
at java.base/java.lang.Thread.run(Thread.java:833)
... Removed 17 stack frames]]>
    </failure>
  </testcase> <!-- register -->
  <testcase classname="testSctrips.DependsOnMethod" name="login" time="0.002">
    <skipped/>
  </testcase> <!-- login -->
  <testcase classname="testSctrips.DependsOnMethod" name="addToCart" time="0.001">
    <skipped/>
  </testcase> <!-- addToCart -->
  <testcase classname="testSctrips.DependsOnMethod" name="payment" time="0.0">
    <skipped/>
  </testcase> <!-- payment -->
  <testcase classname="testSctrips.DependsOnMethod" name="confirmOrder" time="0.0">
    <skipped/>
  </testcase> <!-- confirmOrder -->
  <testcase classname="testSctrips.InvocationCountAndThreadPoolSize" name="confirmOrder" time="9.755"/>
  <testcase classname="testSctrips.InvocationCountAndThreadPoolSize" name="register" time="9.817"/>
  <testcase classname="testSctrips.EnableTest" name="register" time="13.418"/>
  <testcase classname="testSctrips.EnableTest" name="register" time="13.446"/>
  <testcase classname="testSctrips.InvocationCountAndThreadPoolSize" name="confirmOrder" time="17.054"/>
  <testcase classname="testSctrips.EnableTest" name="register" time="18.085"/>
  <testcase classname="testSctrips.BooksTest" name="books_001" time="119.975"/>
  <testcase classname="testSctrips.EnableTest" name="register" time="19.611"/>
  <testcase classname="testSctrips.PriorityTest" name="login" time="20.181"/>
  <testcase classname="testSctrips.PriorityTest" name="addToCart" time="10.0"/>
  <testcase classname="testSctrips.EnableTest" name="register" time="11.222"/>
  <testcase classname="testSctrips.PriorityTest" name="confirmOrder" time="8.437"/>
  <testcase classname="testSctrips.PriorityTest" name="payment" time="9.226"/>
  <testcase classname="testSctrips.RegisterTest" name="regiaterTest_002" time="139.761"/>
  <testcase classname="testSctrips.RegisterTest" name="registerTest_001" time="79.678"/>
  <testcase classname="testSctrips.EnableTest" name="login" time="0.0">
    <ignored/>
  </testcase> <!-- login -->
</testsuite> <!-- Test -->
